WARNING 2025-05-28 15:20:10,906 log 227950 140630549329600 Unauthorized: /api/users/profile/
WARNING 2025-05-28 15:20:10,912 log 227950 140630549329600 Unauthorized: /api/users/login/refresh/
WARNING 2025-05-28 15:20:11,038 log 227950 140630549329600 Unauthorized: /api/notifications/list/
WARNING 2025-05-28 15:20:11,048 log 227950 140630549329600 Unauthorized: /api/users/login/refresh/
WARNING 2025-05-28 15:20:21,298 log 227950 140630549329600 Unauthorized: /api/users/profile/
WARNING 2025-05-28 15:20:21,308 log 227950 140630549329600 Unauthorized: /api/users/login/refresh/
WARNING 2025-05-28 15:20:21,316 log 227950 140630549329600 Unauthorized: /api/users/profile/
WARNING 2025-05-28 15:20:21,321 log 227950 140630549329600 Unauthorized: /api/users/login/refresh/
WARNING 2025-05-28 15:20:23,080 log 227950 140630549329600 Unauthorized: /api/users/profile/
WARNING 2025-05-28 15:20:23,085 log 227950 140630549329600 Unauthorized: /api/users/login/refresh/
WARNING 2025-05-28 15:20:24,994 log 227950 140630549329600 Unauthorized: /api/users/profile/
WARNING 2025-05-28 15:20:25,017 log 227950 140630549329600 Unauthorized: /api/users/login/refresh/
WARNING 2025-05-28 15:20:25,100 log 227950 140630549329600 Unauthorized: /api/notifications/list/
WARNING 2025-05-28 15:20:25,112 log 227950 140630549329600 Unauthorized: /api/users/login/refresh/
WARNING 2025-05-28 15:22:41,069 log 227950 140630549329600 Unauthorized: /api/users/profile/
WARNING 2025-05-28 15:22:41,094 log 227950 140630549329600 Unauthorized: /api/users/login/refresh/
WARNING 2025-05-28 15:22:41,174 log 227950 140630549329600 Unauthorized: /api/notifications/list/
WARNING 2025-05-28 15:22:41,185 log 227950 140630549329600 Unauthorized: /api/users/login/refresh/
WARNING 2025-05-28 15:22:57,337 log 227950 140630549329600 Unauthorized: /api/users/profile/
WARNING 2025-05-28 15:22:57,360 log 227950 140630549329600 Unauthorized: /api/users/login/refresh/
WARNING 2025-05-28 15:22:58,854 log 227950 140630549329600 Unauthorized: /api/users/profile/
WARNING 2025-05-28 15:22:58,869 log 227950 140630549329600 Unauthorized: /api/users/login/refresh/
WARNING 2025-05-28 15:22:58,931 log 227950 140630549329600 Unauthorized: /api/notifications/list/
WARNING 2025-05-28 15:22:58,943 log 227950 140630549329600 Unauthorized: /api/users/login/refresh/
WARNING 2025-05-28 15:25:36,946 log 227950 140630549329600 Unauthorized: /api/users/profile/
WARNING 2025-05-28 15:25:36,980 log 227950 140630549329600 Unauthorized: /api/users/login/refresh/
WARNING 2025-05-28 15:25:37,111 log 227950 140630549329600 Unauthorized: /api/notifications/list/
WARNING 2025-05-28 15:25:37,126 log 227950 140630549329600 Unauthorized: /api/users/login/refresh/
WARNING 2025-05-28 15:25:37,356 log 227950 140630549329600 Unauthorized: /api/users/profile/
WARNING 2025-05-28 15:25:37,402 log 227950 140630549329600 Unauthorized: /api/users/login/refresh/
WARNING 2025-05-28 15:25:37,649 log 227950 140630549329600 Unauthorized: /api/users/profile/
WARNING 2025-05-28 15:25:37,651 log 227950 140630549329600 Unauthorized: /api/notifications/list/
WARNING 2025-05-28 15:25:37,660 log 227950 140630549329600 Unauthorized: /api/users/login/refresh/
WARNING 2025-05-28 15:25:37,666 log 227950 140630549329600 Unauthorized: /api/notifications/settings/
WARNING 2025-05-28 15:25:37,671 log 227950 140630549329600 Unauthorized: /api/users/login/refresh/
WARNING 2025-05-28 15:25:57,628 log 227950 140630549329600 Unauthorized: /api/users/profile/
WARNING 2025-05-28 15:25:57,662 log 227950 140630549329600 Unauthorized: /api/users/login/refresh/
WARNING 2025-05-28 15:25:58,208 log 227950 140630549329600 Unauthorized: /api/users/profile/
WARNING 2025-05-28 15:25:58,249 log 227950 140630549329600 Unauthorized: /api/users/login/refresh/
WARNING 2025-05-28 15:25:59,264 log 227950 140630549329600 Unauthorized: /api/users/profile/
WARNING 2025-05-28 15:25:59,290 log 227950 140630549329600 Unauthorized: /api/users/login/refresh/
WARNING 2025-05-28 15:26:00,189 log 227950 140630549329600 Unauthorized: /api/users/profile/
WARNING 2025-05-28 15:26:00,229 log 227950 140630549329600 Unauthorized: /api/users/login/refresh/
WARNING 2025-05-28 15:26:01,758 log 227950 140630549329600 Unauthorized: /api/users/profile/
WARNING 2025-05-28 15:26:01,786 log 227950 140630549329600 Unauthorized: /api/users/login/refresh/
WARNING 2025-05-28 15:26:01,877 log 227950 140630549329600 Unauthorized: /api/notifications/list/
WARNING 2025-05-28 15:26:01,890 log 227950 140630549329600 Unauthorized: /api/users/login/refresh/
WARNING 2025-05-28 15:26:02,181 log 227950 140630549329600 Unauthorized: /api/users/profile/
WARNING 2025-05-28 15:26:02,220 log 227950 140630549329600 Unauthorized: /api/users/login/refresh/
WARNING 2025-05-28 15:26:02,516 log 227950 140630549329600 Unauthorized: /api/notifications/list/
WARNING 2025-05-28 15:26:02,516 log 227950 140630315497152 Unauthorized: /api/users/profile/
WARNING 2025-05-28 15:26:02,521 log 227950 140630549329600 Unauthorized: /api/users/login/refresh/
WARNING 2025-05-28 15:26:02,528 log 227950 140630315497152 Unauthorized: /api/notifications/settings/
WARNING 2025-05-28 15:26:02,535 log 227950 140630549329600 Unauthorized: /api/users/login/refresh/
WARNING 2025-05-28 15:26:04,294 log 227950 140630315497152 Unauthorized: /api/users/profile/
WARNING 2025-05-28 15:26:04,324 log 227950 140630549329600 Unauthorized: /api/users/login/refresh/
WARNING 2025-05-28 15:26:04,436 log 227950 140630315497152 Unauthorized: /api/notifications/list/
WARNING 2025-05-28 15:26:04,448 log 227950 140630549329600 Unauthorized: /api/users/login/refresh/
WARNING 2025-05-28 15:26:05,211 log 227950 140630315497152 Unauthorized: /api/users/profile/
WARNING 2025-05-28 15:26:05,256 log 227950 140630549329600 Unauthorized: /api/users/login/refresh/
WARNING 2025-05-28 15:26:05,596 log 227950 140630315497152 Unauthorized: /api/notifications/list/
WARNING 2025-05-28 15:26:05,596 log 227950 140630315497152 Unauthorized: /api/users/profile/
WARNING 2025-05-28 15:26:05,602 log 227950 140630315497152 Unauthorized: /api/users/login/refresh/
WARNING 2025-05-28 15:26:05,609 log 227950 140630549329600 Unauthorized: /api/notifications/settings/
WARNING 2025-05-28 15:26:05,616 log 227950 140630315497152 Unauthorized: /api/users/login/refresh/
WARNING 2025-05-28 15:26:06,556 log 227950 140630549329600 Unauthorized: /api/users/profile/
WARNING 2025-05-28 15:26:06,584 log 227950 140630315497152 Unauthorized: /api/users/login/refresh/
WARNING 2025-05-28 15:26:07,305 log 227950 140630549329600 Unauthorized: /api/users/profile/
WARNING 2025-05-28 15:26:07,361 log 227950 140630315497152 Unauthorized: /api/users/login/refresh/
WARNING 2025-05-28 15:28:52,291 base 227950 140630538839744 Session data corrupted
WARNING 2025-05-28 15:28:52,398 base 227950 140630538839744 Session data corrupted
WARNING 2025-05-28 15:28:52,459 log 227950 140630549329600 Not Found: /static/admin/js/theme.js
WARNING 2025-05-28 15:28:52,461 log 227950 140630273533632 Not Found: /static/admin/css/responsive.css
WARNING 2025-05-28 15:28:52,464 log 227950 140630315497152 Not Found: /static/admin/css/nav_sidebar.css
WARNING 2025-05-28 15:28:52,464 log 227950 140630315497152 Not Found: /static/admin/css/dark_mode.css
WARNING 2025-05-28 15:28:52,465 log 227950 140630549329600 Not Found: /static/admin/css/login.css
WARNING 2025-05-28 15:28:52,465 log 227950 140630549329600 Not Found: /static/admin/css/base.css
WARNING 2025-05-28 15:28:52,481 log 227950 140630549329600 Not Found: /static/admin/js/nav_sidebar.js
WARNING 2025-05-28 15:28:52,482 log 227950 140630315497152 Not Found: /static/admin/css/login.css
WARNING 2025-05-28 15:28:52,483 log 227950 140630549329600 Not Found: /static/admin/css/nav_sidebar.css
WARNING 2025-05-28 15:28:52,483 log 227950 140630315497152 Not Found: /static/admin/css/responsive.css
WARNING 2025-05-28 15:28:54,587 base 227950 140630530447040 Session data corrupted
WARNING 2025-05-28 15:28:54,855 log 227950 140629711517376 Not Found: /static/admin/css/base.css
WARNING 2025-05-28 15:28:54,855 log 227950 140629711517376 Not Found: /static/admin/css/nav_sidebar.css
WARNING 2025-05-28 15:28:54,856 log 227950 140629703124672 Not Found: /static/admin/js/theme.js
WARNING 2025-05-28 15:28:54,856 log 227950 140629711517376 Not Found: /static/admin/css/changelists.css
WARNING 2025-05-28 15:28:54,856 log 227950 140629711517376 Not Found: /static/admin/css/dark_mode.css
WARNING 2025-05-28 15:28:54,878 log 227950 140629711517376 Not Found: /static/admin/js/vendor/jquery/jquery.js
WARNING 2025-05-28 15:28:54,878 log 227950 140629711517376 Not Found: /static/admin/js/jquery.init.js
WARNING 2025-05-28 15:28:54,879 log 227950 140630298711744 Not Found: /static/admin/css/responsive.css
WARNING 2025-05-28 15:28:54,882 log 227950 140630315497152 Not Found: /static/admin/js/core.js
WARNING 2025-05-28 15:28:54,882 log 227950 140629694731968 Not Found: /static/admin/js/admin/RelatedObjectLookups.js
WARNING 2025-05-28 15:28:54,887 log 227950 140630290319040 Not Found: /static/admin/css/nav_sidebar.css
WARNING 2025-05-28 15:28:54,902 log 227950 140629694731968 Not Found: /static/admin/css/changelists.css
WARNING 2025-05-28 15:28:54,902 log 227950 140629711517376 Not Found: /static/admin/js/actions.js
WARNING 2025-05-28 15:28:54,903 log 227950 140630298711744 Not Found: /static/admin/js/urlify.js
WARNING 2025-05-28 15:28:54,904 log 227950 140630273533632 Not Found: /static/admin/js/vendor/xregexp/xregexp.js
WARNING 2025-05-28 15:28:54,908 log 227950 140629669553856 Not Found: /static/admin/js/prepopulate.js
WARNING 2025-05-28 15:28:54,908 log 227950 140629694731968 Not Found: /static/admin/img/search.svg
WARNING 2025-05-28 15:28:54,921 log 227950 140630315497152 Not Found: /static/admin/js/filters.js
WARNING 2025-05-28 15:28:54,922 log 227950 140630290319040 Not Found: /static/admin/css/responsive.css
WARNING 2025-05-28 15:28:54,922 log 227950 140630549329600 Not Found: /static/admin/js/nav_sidebar.js
